\BOOKMARK [0][-]{chapter*.1}{Prefazione}{}% 1
\BOOKMARK [0][-]{chapter*.3}{Introduzione}{}% 2
\BOOKMARK [0][-]{chapter.1}{Financial\040trading}{}% 3
\BOOKMARK [1][-]{section.1.1}{Criptovalute}{chapter.1}% 4
\BOOKMARK [1][-]{section.1.2}{Modello\040dei\040dati}{chapter.1}% 5
\BOOKMARK [1][-]{section.1.3}{Gudagnare\040con\040il\040trading}{chapter.1}% 6
\BOOKMARK [1][-]{section.1.4}{Esempi\040di\040strategie}{chapter.1}% 7
\BOOKMARK [2][-]{subsection.1.4.1}{Moving\040Average\040Crossover}{section.1.4}% 8
\BOOKMARK [2][-]{subsection.1.4.2}{Buy-Hold}{section.1.4}% 9
\BOOKMARK [1][-]{section.1.5}{Ruolo\040delle\040intelligenze\040artificiali\040e\040scopo\040della\040tesi}{chapter.1}% 10
\BOOKMARK [0][-]{chapter.2}{Sentyment:\040AI\040per\040financial\040prediction}{}% 11
\BOOKMARK [1][-]{section.2.1}{Stato\040dell'arte\040delle\040AI}{chapter.2}% 12
\BOOKMARK [2][-]{subsection.2.1.1}{Supporto\040di\040informazioni\040relative\040agli\040eventi}{section.2.1}% 13
\BOOKMARK [2][-]{subsection.2.1.2}{Punti\040chiave\040nelle\040predizioni\040finanziarie}{section.2.1}% 14
\BOOKMARK [2][-]{subsection.2.1.3}{Metodi\040di\040previsione}{section.2.1}% 15
\BOOKMARK [1][-]{section.2.2}{Sentyment}{chapter.2}% 16
\BOOKMARK [2][-]{subsection.2.2.1}{Cenni\040all'architettura}{section.2.2}% 17
\BOOKMARK [2][-]{subsection.2.2.2}{Strumenti\040e\040tecnologie\040utilizzati}{section.2.2}% 18
\BOOKMARK [0][-]{chapter.3}{Elaborazione\040dati\040di\040trading}{}% 19
\BOOKMARK [1][-]{section.3.1}{Download\040dati\040Kraken}{chapter.3}% 20
\BOOKMARK [1][-]{section.3.2}{Creazione\040candele\040OHLCV}{chapter.3}% 21
\BOOKMARK [1][-]{section.3.3}{Creazione\040strategie}{chapter.3}% 22
\BOOKMARK [0][-]{chapter.4}{Strategie\040di\040valutazione}{}% 23
\BOOKMARK [1][-]{section.4.1}{Test\040per\040Sentyment\040AI}{chapter.4}% 24
\BOOKMARK [1][-]{section.4.2}{Metriche}{chapter.4}% 25
\BOOKMARK [1][-]{section.4.3}{Test\040comparativi\040e\040Meta-learner}{chapter.4}% 26
\BOOKMARK [2][-]{subsection.4.3.1}{Multi-armed\040bandit\040e\040Meta-learner}{section.4.3}% 27
\BOOKMARK [2][-]{subsection.4.3.2}{Scelta\040dei\040parametri\040e\040adattamento}{section.4.3}% 28
\BOOKMARK [0][-]{chapter.5}{Risultati\040della\040valutazione}{}% 29
\BOOKMARK [1][-]{section.5.1}{Considerazioni\040finali\040su\040test\040comparativi}{chapter.5}% 30
\BOOKMARK [1][-]{section.5.2}{Confronto\040con\040altre\040strategie}{chapter.5}% 31
\BOOKMARK [2][-]{subsection.5.2.1}{Maximum\040profit}{section.5.2}% 32
\BOOKMARK [0][-]{chapter.6}{Conclusioni\040e\040lavori\040futuri}{}% 33
